
> camera-web-controller@1.0.0 dev /home/pi/dev/camera-web-controller
> nodemon src/server.js

[33m[nodemon] 2.0.4[39m
[33m[nodemon] to restart at any time, enter `rs`[39m
[33m[nodemon] watching path(s): *.*[39m
[33m[nodemon] watching extensions: js,mjs,json[39m
[32m[nodemon] starting `node src/server.js`[39m
events.js:165
      throw er; // Unhandled 'error' event
      ^

Error: EBADF: bad file descriptor, read
Emitted 'error' event at:
    at fs.read (fs.js:2116:12)
    at FSReqWrap.wrapper [as oncomplete] (fs.js:673:17)
npm ERR! code ELIFECYCLE
npm ERR! errno 1
npm ERR! camera-web-controller@1.0.0 dev: `nodemon src/server.js`
npm ERR! Exit status 1
npm ERR! 
npm ERR! Failed at the camera-web-controller@1.0.0 dev script.
npm ERR! This is probably not a problem with npm. There is likely additional logging output above.

npm ERR! A complete log of this run can be found in:
npm ERR!     /home/pi/.npm/_logs/2020-10-04T23_14_31_010Z-debug.log

> camera-web-controller@1.0.0 dev /home/pi/dev/camera-web-controller
> nodemon src/server.js

[33m[nodemon] 2.0.4[39m
[33m[nodemon] to restart at any time, enter `rs`[39m
[33m[nodemon] watching path(s): *.*[39m
[33m[nodemon] watching extensions: js,mjs,json[39m
[32m[nodemon] starting `node src/server.js`[39m
events.js:165
      throw er; // Unhandled 'error' event
      ^

Error: EBADF: bad file descriptor, read
Emitted 'error' event at:
    at fs.read (fs.js:2116:12)
    at FSReqWrap.wrapper [as oncomplete] (fs.js:673:17)
npm ERR! code ELIFECYCLE
npm ERR! errno 1
npm ERR! camera-web-controller@1.0.0 dev: `nodemon src/server.js`
npm ERR! Exit status 1
npm ERR! 
npm ERR! Failed at the camera-web-controller@1.0.0 dev script.
npm ERR! This is probably not a problem with npm. There is likely additional logging output above.

npm ERR! A complete log of this run can be found in:
npm ERR!     /home/pi/.npm/_logs/2020-10-04T23_16_02_437Z-debug.log
